<?xml version="1.0" encoding="UTF-8"?>
<testsuite name="mongoQueryDsl.dsl.DslApplicationTests" tests="1" skipped="0" failures="0" errors="0" timestamp="2023-01-19T00:21:07" hostname="thleeui-MacBookAir.local" time="0.174">
  <properties/>
  <testcase name="contextLoads()" classname="mongoQueryDsl.dsl.DslApplicationTests" time="0.174"/>
  <system-out><![CDATA[09:21:01.371 [Test worker] DEBUG org.springframework.test.context.BootstrapUtils - Instantiating CacheAwareContextLoaderDelegate from class [org.springframework.test.context.cache.DefaultCacheAwareContextLoaderDelegate]
09:21:01.383 [Test worker] DEBUG org.springframework.test.context.BootstrapUtils - Instantiating BootstrapContext using constructor [public org.springframework.test.context.support.DefaultBootstrapContext(java.lang.Class,org.springframework.test.context.CacheAwareContextLoaderDelegate)]
09:21:01.422 [Test worker] DEBUG org.springframework.test.context.BootstrapUtils - Instantiating TestContextBootstrapper for test class [mongoQueryDsl.dsl.DslApplicationTests] from class [org.springframework.boot.test.context.SpringBootTestContextBootstrapper]
09:21:01.430 [Test worker] INFO org.springframework.boot.test.context.SpringBootTestContextBootstrapper - Neither @ContextConfiguration nor @ContextHierarchy found for test class [mongoQueryDsl.dsl.DslApplicationTests], using SpringBootContextLoader
09:21:01.435 [Test worker] DEBUG org.springframework.test.context.support.AbstractContextLoader - Did not detect default resource location for test class [mongoQueryDsl.dsl.DslApplicationTests]: class path resource [mongoQueryDsl/dsl/DslApplicationTests-context.xml] does not exist
09:21:01.435 [Test worker] DEBUG org.springframework.test.context.support.AbstractContextLoader - Did not detect default resource location for test class [mongoQueryDsl.dsl.DslApplicationTests]: class path resource [mongoQueryDsl/dsl/DslApplicationTestsContext.groovy] does not exist
09:21:01.436 [Test worker] INFO org.springframework.test.context.support.AbstractContextLoader - Could not detect default resource locations for test class [mongoQueryDsl.dsl.DslApplicationTests]: no resource found for suffixes {-context.xml, Context.groovy}.
09:21:01.436 [Test worker] INFO org.springframework.test.context.support.AnnotationConfigContextLoaderUtils - Could not detect default configuration classes for test class [mongoQueryDsl.dsl.DslApplicationTests]: DslApplicationTests does not declare any static, non-private, non-final, nested classes annotated with @Configuration.
09:21:01.489 [Test worker] DEBUG org.springframework.test.context.support.ActiveProfilesUtils - Could not find an 'annotation declaring class' for annotation type [org.springframework.test.context.ActiveProfiles] and class [mongoQueryDsl.dsl.DslApplicationTests]
09:21:01.552 [Test worker] DEBUG org.springframework.context.annotation.ClassPathScanningCandidateComponentProvider - Identified candidate component class: file [/Users/thlee/BackEnd/queryDsl/QueryDsl/dsl/build/classes/java/main/mongoQueryDsl/dsl/DslApplication.class]
09:21:01.554 [Test worker] INFO org.springframework.boot.test.context.SpringBootTestContextBootstrapper - Found @SpringBootConfiguration mongoQueryDsl.dsl.DslApplication for test class mongoQueryDsl.dsl.DslApplicationTests
09:21:01.642 [Test worker] DEBUG org.springframework.boot.test.context.SpringBootTestContextBootstrapper - @TestExecutionListeners is not present for class [mongoQueryDsl.dsl.DslApplicationTests]: using defaults.
09:21:01.643 [Test worker] INFO org.springframework.boot.test.context.SpringBootTestContextBootstrapper - Loaded default TestExecutionListener class names from location [META-INF/spring.factories]: [org.springframework.boot.test.autoconfigure.restdocs.RestDocsTestExecutionListener, org.springframework.boot.test.autoconfigure.web.client.MockRestServiceServerResetTestExecutionListener, org.springframework.boot.test.autoconfigure.web.servlet.MockMvcPrintOnlyOnFailureTestExecutionListener, org.springframework.boot.test.autoconfigure.web.servlet.WebDriverTestExecutionListener, org.springframework.boot.test.autoconfigure.webservices.client.MockWebServiceServerTestExecutionListener, org.springframework.boot.test.mock.mockito.MockitoTestExecutionListener, org.springframework.boot.test.mock.mockito.ResetMocksTestExecutionListener, org.springframework.test.context.web.ServletTestExecutionListener, org.springframework.test.context.support.DirtiesContextBeforeModesTestExecutionListener, org.springframework.test.context.event.ApplicationEventsTestExecutionListener, org.springframework.test.context.support.DependencyInjectionTestExecutionListener, org.springframework.test.context.support.DirtiesContextTestExecutionListener, org.springframework.test.context.transaction.TransactionalTestExecutionListener, org.springframework.test.context.jdbc.SqlScriptsTestExecutionListener, org.springframework.test.context.event.EventPublishingTestExecutionListener]
09:21:01.658 [Test worker] INFO org.springframework.boot.test.context.SpringBootTestContextBootstrapper - Using TestExecutionListeners: [org.springframework.test.context.web.ServletTestExecutionListener@1c25b8a7, org.springframework.test.context.support.DirtiesContextBeforeModesTestExecutionListener@200606de, org.springframework.test.context.event.ApplicationEventsTestExecutionListener@750fe12e, org.springframework.boot.test.mock.mockito.MockitoTestExecutionListener@f8908f6, org.springframework.boot.test.autoconfigure.SpringBootDependencyInjectionTestExecutionListener@3e587920, org.springframework.test.context.support.DirtiesContextTestExecutionListener@2ef8a8c3, org.springframework.test.context.transaction.TransactionalTestExecutionListener@24f43aa3, org.springframework.test.context.jdbc.SqlScriptsTestExecutionListener@63fd4873, org.springframework.test.context.event.EventPublishingTestExecutionListener@1e11bc55, org.springframework.boot.test.autoconfigure.restdocs.RestDocsTestExecutionListener@7544a1e4, org.springframework.boot.test.autoconfigure.web.client.MockRestServiceServerResetTestExecutionListener@70e0accd, org.springframework.boot.test.autoconfigure.web.servlet.MockMvcPrintOnlyOnFailureTestExecutionListener@7957dc72, org.springframework.boot.test.autoconfigure.web.servlet.WebDriverTestExecutionListener@6ab72419, org.springframework.boot.test.autoconfigure.webservices.client.MockWebServiceServerTestExecutionListener@3aacf32a, org.springframework.boot.test.mock.mockito.ResetMocksTestExecutionListener@4fdfa676]
09:21:01.661 [Test worker] DEBUG org.springframework.test.context.support.AbstractDirtiesContextTestExecutionListener - Before test class: context [DefaultTestContext@6e33c391 testClass = DslApplicationTests, testInstance = [null], testMethod = [null], testException = [null], mergedContextConfiguration = [WebMergedContextConfiguration@6c451c9c testClass = DslApplicationTests, locations = '{}', classes = '{class mongoQueryDsl.dsl.DslApplication}', contextInitializerClasses = '[]', activeProfiles = '{}', propertySourceLocations = '{}', propertySourceProperties = '{org.springframework.boot.test.context.SpringBootTestContextBootstrapper=true}', contextCustomizers = set[org.springframework.boot.test.autoconfigure.actuate.metrics.MetricsExportContextCustomizerFactory$DisableMetricExportContextCustomizer@278bb07e, org.springframework.boot.test.autoconfigure.properties.PropertyMappingContextCustomizer@0, org.springframework.boot.test.autoconfigure.web.servlet.WebDriverContextCustomizerFactory$Customizer@20a14b55, org.springframework.boot.test.context.filter.ExcludeFilterContextCustomizer@75b25825, org.springframework.boot.test.json.DuplicateJsonObjectContextCustomizerFactory$DuplicateJsonObjectContextCustomizer@3a3e4aff, org.springframework.boot.test.mock.mockito.MockitoContextCustomizer@0, org.springframework.boot.test.web.client.TestRestTemplateContextCustomizer@686449f9, org.springframework.boot.test.context.SpringBootTestArgs@1, org.springframework.boot.test.context.SpringBootTestWebEnvironment@38af9828], resourceBasePath = 'src/main/webapp', contextLoader = 'org.springframework.boot.test.context.SpringBootContextLoader', parent = [null]], attributes = map['org.springframework.test.context.web.ServletTestExecutionListener.activateListener' -> true]], class annotated with @DirtiesContext [false] with mode [null].

  .   ____          _            __ _ _
 /\\ / ___'_ __ _ _(_)_ __  __ _ \ \ \ \
( ( )\___ | '_ | '_| | '_ \/ _` | \ \ \ \
 \\/  ___)| |_)| | | | | || (_| |  ) ) ) )
  '  |____| .__|_| |_|_| |_\__, | / / / /
 =========|_|==============|___/=/_/_/_/
 :: Spring Boot ::                (v2.5.9)

2023-01-19 09:21:02.452  INFO 2421 --- [    Test worker] mongoQueryDsl.dsl.DslApplicationTests    : Starting DslApplicationTests using Java 11.0.11 on thleeui-MacBookAir.local with PID 2421 (started by thlee in /Users/thlee/BackEnd/queryDsl/QueryDsl/dsl)
2023-01-19 09:21:02.453  INFO 2421 --- [    Test worker] mongoQueryDsl.dsl.DslApplicationTests    : No active profile set, falling back to default profiles: default
2023-01-19 09:21:03.915  INFO 2421 --- [    Test worker] .s.d.r.c.RepositoryConfigurationDelegate : Multiple Spring Data modules found, entering strict repository configuration mode!
2023-01-19 09:21:03.917  INFO 2421 --- [    Test worker] .s.d.r.c.RepositoryConfigurationDelegate : Bootstrapping Spring Data JPA repositories in DEFAULT mode.
2023-01-19 09:21:03.974  INFO 2421 --- [    Test worker] .RepositoryConfigurationExtensionSupport : Spring Data JPA - Could not safely identify store assignment for repository candidate interface mongoQueryDsl.dsl.domain.repository.MemberRepository. If you want this repository to be a JPA repository, consider annotating your entities with one of these annotations: javax.persistence.Entity, javax.persistence.MappedSuperclass (preferred), or consider extending one of the following types with your repository: org.springframework.data.jpa.repository.JpaRepository.
2023-01-19 09:21:03.975  INFO 2421 --- [    Test worker] .s.d.r.c.RepositoryConfigurationDelegate : Finished Spring Data repository scanning in 52 ms. Found 0 JPA repository interfaces.
2023-01-19 09:21:04.033  INFO 2421 --- [    Test worker] .s.d.r.c.RepositoryConfigurationDelegate : Multiple Spring Data modules found, entering strict repository configuration mode!
2023-01-19 09:21:04.033  INFO 2421 --- [    Test worker] .s.d.r.c.RepositoryConfigurationDelegate : Bootstrapping Spring Data MongoDB repositories in DEFAULT mode.
2023-01-19 09:21:04.055  INFO 2421 --- [    Test worker] .s.d.r.c.RepositoryConfigurationDelegate : Finished Spring Data repository scanning in 21 ms. Found 1 MongoDB repository interfaces.
2023-01-19 09:21:04.639  INFO 2421 --- [    Test worker] com.zaxxer.hikari.HikariDataSource       : HikariPool-1 - Starting...
2023-01-19 09:21:04.873  INFO 2421 --- [    Test worker] com.zaxxer.hikari.HikariDataSource       : HikariPool-1 - Start completed.
2023-01-19 09:21:05.267  INFO 2421 --- [    Test worker] o.hibernate.jpa.internal.util.LogHelper  : HHH000204: Processing PersistenceUnitInfo [name: default]
2023-01-19 09:21:05.332  INFO 2421 --- [    Test worker] org.hibernate.Version                    : HHH000412: Hibernate ORM core version 5.4.33
2023-01-19 09:21:05.437  INFO 2421 --- [    Test worker] o.hibernate.annotations.common.Version   : HCANN000001: Hibernate Commons Annotations {5.1.2.Final}
2023-01-19 09:21:05.529  INFO 2421 --- [    Test worker] org.hibernate.dialect.Dialect            : HHH000400: Using dialect: org.hibernate.dialect.PostgreSQL10Dialect
2023-01-19 09:21:05.728  INFO 2421 --- [    Test worker] o.h.e.t.j.p.i.JtaPlatformInitiator       : HHH000490: Using JtaPlatform implementation: [org.hibernate.engine.transaction.jta.platform.internal.NoJtaPlatform]
2023-01-19 09:21:05.736  INFO 2421 --- [    Test worker] j.LocalContainerEntityManagerFactoryBean : Initialized JPA EntityManagerFactory for persistence unit 'default'
2023-01-19 09:21:06.257  WARN 2421 --- [    Test worker] JpaBaseConfiguration$JpaWebConfiguration : spring.jpa.open-in-view is enabled by default. Therefore, database queries may be performed during view rendering. Explicitly configure spring.jpa.open-in-view to disable this warning
2023-01-19 09:21:06.783  INFO 2421 --- [    Test worker] org.mongodb.driver.cluster               : Cluster created with settings {hosts=[localhost:27017], mode=SINGLE, requiredClusterType=UNKNOWN, serverSelectionTimeout='30000 ms', maxWaitQueueSize=500}
2023-01-19 09:21:06.856  INFO 2421 --- [localhost:27017] org.mongodb.driver.connection            : Opened connection [connectionId{localValue:1, serverValue:2}] to localhost:27017
2023-01-19 09:21:06.867  INFO 2421 --- [localhost:27017] org.mongodb.driver.cluster               : Monitor thread successfully connected to server with description ServerDescription{address=localhost:27017, type=STANDALONE, state=CONNECTED, ok=true, version=ServerVersion{versionList=[6, 0, 1]}, minWireVersion=0, maxWireVersion=17, maxDocumentSize=16777216, logicalSessionTimeoutMinutes=30, roundTripTimeNanos=3902375}
2023-01-19 09:21:07.900  INFO 2421 --- [    Test worker] mongoQueryDsl.dsl.DslApplicationTests    : Started DslApplicationTests in 6.113 seconds (JVM running for 7.65)
]]></system-out>
  <system-err><![CDATA[]]></system-err>
</testsuite>
